 
<!DOCTYPE html PUBLIC "-//W3C//DTD HTML+RDFa 1.1//EN">
<html lang="en" dir="ltr" version="HTML+RDFa 1.1"
xmlns:content="http://purl.org/rss/1.0/modules/content/"
xmlns:dc="http://purl.org/dc/terms/"
xmlns:foaf="http://xmlns.com/foaf/0.1/"
xmlns:og="http://ogp.me/ns#"
xmlns:rdfs="http://www.w3.org/2000/01/rdf-schema#"
xmlns:sioc="http://rdfs.org/sioc/ns#"
xmlns:sioct="http://rdfs.org/sioc/types#"
xmlns:skos="http://www.w3.org/2004/02/skos/core#"
xmlns:xsd="http://www.w3.org/2001/XMLSchema#"
xmlns:schema="http://schema.org/">
<head profile="http://www.w3.org/1999/xhtml/vocab">
<title>5.5 CREATING GIF IMAGES - Ferret/PyFerret Support</title>
<h1 class="title" id="page-title">5.5 CREATING GIF IMAGES</h1>
<p><a name="Chapter5_creating_GIFs" id="Chapter5_creating_GIFs"></a><a name="_VPID_222" id="_VPID_222"></a><a name="_VPINDEXENTRY_754" id="_VPINDEXENTRY_754"></a><a name="_VPINDEXENTRY_755" id="_VPINDEXENTRY_755"></a><a name="_VPINDEXENTRY_756" id="_VPINDEXENTRY_756"></a><a name="_VPINDEXENTRY_757" id="_VPINDEXENTRY_757"></a><a name="_VPINDEXENTRY_758" id="_VPINDEXENTRY_758"></a><a name="_VPINDEXENTRY_759" id="_VPINDEXENTRY_759"></a><a name="_VPINDEXENTRY_760" id="_VPINDEXENTRY_760"></a><br /></p><p align="                                                                                                                                            
<p align="left"></p>
<p align="left">GIF is a highly compressed format suitable for single images. (Ferret will not directly create GIF89 animations.) The procedure for creating a GIF image is nearly identical to the creation of a single frame of an HDF file. The modification is generally just to select a file name with the ".gif" extension; Ferret will automatically sense this as a request to create a GIF-formatted image file. Alternatively, any file name can be used if the GIF format is specified explicitly using</p>
<p align="left"><b>FRAME/FORMAT=GIF </b></p>
<p align="left">If a number of GIF images are created using the same file name Ferret will automatically rename subsequent versions with a version number. Thus a repeat loop can be used to generate many GIF images.</p>
<p align="left"><b>Example:</b><b> </b></p>
<pre>REPEAT/L=1:12(FILL sst; GO fland; FRAME/file=myimage.gif)</pre><p align="left">Note: In this mode of grabbing an image, Ferret creates a GIF file by requesting the image back from your screen (your X server). In order for Ferret to correctly grab the image, the X server should be configured to be running either in 8-bit PseudoColor mode (i.e. direct color) or 24-bit TrueColor mode (i.e. indexed color) with X server backing store enabled. If the X server is configured in 16-bit TrueColor (also indexed c                                                                              
<p align="left">An alternative approach to creating GIF's (which does not share this restriction) is to invoke Ferret with the -gif command line switch "<a title="1.2 GETTING STARTED" href="../introduction/GETTING-STARTED#_VPINDEXENTRY_7">ferret -gif</a>".</p>
<p></p>
</body>
</html>
 
