 
<!DOCTYPE html PUBLIC "-//W3C//DTD HTML+RDFa 1.1//EN">
<html lang="en" dir="ltr" version="HTML+RDFa 1.1"
xmlns:content="http://purl.org/rss/1.0/modules/content/"
xmlns:dc="http://purl.org/dc/terms/"
xmlns:foaf="http://xmlns.com/foaf/0.1/"
xmlns:og="http://ogp.me/ns#"
xmlns:rdfs="http://www.w3.org/2000/01/rdf-schema#"
xmlns:sioc="http://rdfs.org/sioc/ns#"
xmlns:sioct="http://rdfs.org/sioc/types#"
xmlns:skos="http://www.w3.org/2004/02/skos/core#"
xmlns:xsd="http://www.w3.org/2001/XMLSchema#"
xmlns:schema="http://schema.org/">
<head profile="http://www.w3.org/1999/xhtml/vocab">
<title>5.1 OVERVIEW - Ferret/PyFerret Support</title>
<h1 class="title" id="page-title">5.1 OVERVIEW</h1>
<p><a name="Chapter5" id="Chapter5"></a><a name="_VPID_212" id="_VPID_212"></a></p>
<p align="center"><b><a name="_VPINDEXENTRY_733" id="_VPINDEXENTRY_733"></a><a name="_VPINDEXENTRY_734" id="_VPINDEXENTRY_734"></a><a name="_VPINDEXENTRY_735" id="_VPINDEXENTRY_735"></a><a name="_VPINDEXENTRY_736" id="_VPINDEXENTRY_736"></a><a name="_VPINDEXENTRY_737" id="_VPINDEXENTRY_737"></a><a name="_VPINDEXENTRY_738" id="_VPINDEXENTRY_738"></a></b></p>
<p><a name="_VPID_213" id="_VPID_213"></a><br /></p><p align="left">There are two modes for animating in Ferret. One can animate "on the fly" in an interactive sesion, or a sequence of Ferret plots can be stored and then animated. A series of gif images can also be animated, see Ch5 Sec1.2 below.</p>
<p align="left">Formerly we had a method using an HDF file type.  <b>NOTE that starting with Ferret v6.6 HDF movies are no longer available. </b><a href="../data-set-basics/NETCDF-DATA#_NC4"><br /></a></p>
<p><a name="_VPID_214" id="_VPID_214"></a><a name="_VPINDEXENTRY_739" id="_VPINDEXENTRY_739"></a><br /></p><p align="left" class="secHeader"><b>5.1.1 Animating on the fly </b></p>
<p align="left">In a Ferret session, display an animation with the command,</p>
<pre>yes? REPEAT/ANIMATE[/LOOP=n]</pre><p align="left">to start an animation sequence. Given LOOP=n, the entire animation sequence will repeat n times.</p>
<p align="left"><b>Example: </b></p>
<pre>yes? set data coads_climatology<br />ye<a name="_VPINDEXENTRY_740" id="_VPINDEXENTRY_740"></a>s? repeat/l=1:12/animate/loop=5 (shade sst; go fland)</pre><p align="left">NOTE: In order to properly display, it is necessary to have backing store enabled for the Xserver.</p>
<p><a name="Chapter5_animate_gif" id="Chapter5_animate_gif"></a><a name="_VPID_215" id="_VPID_215"></a><a name="_VPINDEXENTRY_741" id="_VPINDEXENTRY_741"></a><a name="_VPINDEXENTRY_742" id="_VPINDEXENTRY_742"></a><br /></p><p align="left" class="secHeader"><b>5.1.2 Note on using a set of gif images to make a movie </b></p>
<p align="left">An easy way to make movies from gif files using third-party tools to generate an animation from a set of gif (png) images.</p>
<p>One such tool is <b>gifsicle</b>, <a href="http://www.lcdf.org/gifsicle/">http://www.lcdf.org/gifsicle/</a> free unix-based software that works well for creating animations from a set of gif images. No doubt there are other similar tools. The procedure for creating a set of Ferret gif images would be the same; see the documentation of gifsicle or other tools for how to use them to create the animation.</p>
<p align="left"></p>
<p>
</p><p align="left">gfsicle is extremely easy to use:</p>
<p align="left">1. Make your gif files with a Ferret command like:</p>
<pre>yes? REPEAT/J=1:36 (GO scriptfile `j`; FRAME/FILE=sst-`j`.gif)</pre><p align="left">where the scriptfile uses the argument <i><b>j </b></i>to determine the plot characteristics. See sections later in this chapter for more on the <a title="5.4 ADVANCED MOVIE-MAKING" href="ADVANCED-MOVIE-MAKING">REPEAT</a> command and <a title="5.5 CREATING GIF IMAGES" href="CREATING-GIF-IMAGES">creating GIF files</a>.</p>
<p align="left">2. To create an animated gif (using just one example from the gifsicle website), from the Unix command line:</p>
<pre> &gt; gifsicle --delay=10 --loop sst*.gif &gt; anim.gif</pre><p align="left"></p>
<p class="indented">This file can be as long as you want and may specify files more than once to repeat any of the images if you wish.</p>
 
<p>
</p><p align="left">That's it. The tool concatenates the gif files with some connecting information needed to do the animation. The resulting movie gif file is just about as large as the sum of the input frames.</p>
<p></p>
</body>
</html>
 
